Команда touch "$USER"_part3.log:
Команда mkdir -p D1/D2/D3:
Команда touch D1/D2/file.txt:
Команда echo "STAJ in Eltex" > D1/D2/file.txt:
Команда ln -s D1/D2/file.txt D1/D2/D3/file_soft.txt:
Команда ln D1/D2/file.txt D1/D2/D3/file_hard.txt:
Команда ls -li  D1/D2/D3/:
total 4
1048745 -rw-r--r-- 2 eltex-pg1-v20 eltex-pg1-v20 14 Oct 17 17:01 file_hard.txt
1048754 lrwxrwxrwx 1 eltex-pg1-v20 eltex-pg1-v20 14 Oct 17 17:06 file_soft.txt -> D1/D2/file.txt
Команда mv D1/D2/file.txt D1/:
Команда cat D1/D2/D3/file_hard.txt:
STAJ in Eltex
Команда cat D1/D2/D3/file_soft.txt:
Команда rm -rf D1/D2:
Команда xargs -a "${USER}_part3_gt50M.log" du -h:
Команда xargs -a "${USER}_part3_gt50M.log" du -h:
31M	/usr/bin/x86_64-linux-gnu-lto-dump-12
31M	/usr/lib/gcc/x86_64-linux-gnu/12/lto1
32M	/usr/lib/gcc/x86_64-linux-gnu/12/cc1
30M	/usr/lib/x86_64-linux-gnu/libicudata.so.72.1
0	/proc/kcore
33M	/boot/initrd.img-6.1.0-31-amd64
33M	/boot/initrd.img-6.1.0-32-amd64
33M	/boot/initrd.img-6.1.0-40-amd64
38M	/var/cache/apt/srcpkgcache.bin
38M	/var/cache/apt/pkgcache.bin
48M	/var/lib/apt/lists/deb.debian.org_debian_dists_bookworm_main_binary-amd64_Packages
49M	/var/lib/apt/lists/deb.debian.org_debian_dists_bookworm_main_source_Sources
32M	/var/lib/apt/lists/deb.debian.org_debian_dists_bookworm_main_i18n_Translation-en
Команда find ~ -type f -mtime -1:
/home/eltex-pg1-v20/eltex-pg1-v20_part3_gt50M.log
/home/eltex-pg1-v20/eltex-pg1-v20_part3.log
/home/eltex-pg1-v20/eltex-pg1-v20_part.log
/home/eltex-pg1-v20/D1/file.txt
/home/eltex-pg1-v20/.bash_history
/home/eltex-pg1-v20/.bashrc
Команда which find:
/usr/bin/find
Команда file /usr/bin/find:
/usr/bin/find: ELF 64-bit LSB pie executable, x86-64, version 1 (SYSV), dynamically linked, interpreter /lib64/ld-linux-x86-64.so.2, BuildID[sha1]=5545a6c7162d325fbe5ffabcbfe4e5521b66ce70, for GNU/Linux 3.2.0, stripped
Команда file /boot/initrd.img*:
/boot/initrd.img-6.1.0-31-amd64: ASCII cpio archive (SVR4 with no CRC)
/boot/initrd.img-6.1.0-32-amd64: ASCII cpio archive (SVR4 with no CRC)
/boot/initrd.img-6.1.0-40-amd64: ASCII cpio archive (SVR4 with no CRC)
